This file contains any messages produced by compilers while
running configure, to aid debugging if configure makes a mistake.

It was created by gc configure 7.2alpha6, which was
generated by GNU Autoconf 2.68.  Invocation command line was

  $ ./configure --prefix=/g/devel-2/cdfg2hdl/thirdparty/gc-mingw --enable-threads=none --disable-pthreads

## --------- ##
## Platform. ##
## --------- ##

hostname = kavi
uname -m = i686
uname -r = 1.0.17(0.48/3/2)
uname -s = MINGW32_NT-5.1
uname -v = 2011-04-24 23:39

/usr/bin/uname -p = unknown
/bin/uname -X     = unknown

/bin/arch              = unknown
/usr/bin/arch -k       = unknown
/usr/convex/getsysinfo = unknown
/usr/bin/hostinfo      = unknown
/bin/machine           = unknown
/usr/bin/oslevel       = unknown
/bin/universe          = unknown

PATH: .
PATH: /usr/local/bin
PATH: /mingw/bin
PATH: /bin
PATH: /c/Perl/site/bin
PATH: /c/Perl/bin
PATH: /c/MiKTeX2.8/miktex/bin
PATH: /c/WINDOWS/system32
PATH: /c/WINDOWS
PATH: /c/WINDOWS/System32/Wbem
PATH: /c/GAUT_2_4_3/GautC/cdfgcompiler/bin
PATH: /c/Xilinx92i/bin/nt
PATH: /c/cygwin/usr/local/bin/llvm-gcc4.2-2.7/bin
PATH: /mingw/bin
PATH: /c/GAUT_2_4_3/GautC/cdfgcompiler/bin
PATH: /c/CompSci/Ghdl/Bin
PATH: /c/Program Files/SciTools/bin/pc-win32
PATH: /c/compsci/iverilog/bin
PATH: /c/CompSci/Graphviz2.28/bin
PATH: /e/MATLAB/R2009a/bin
PATH: /e/MATLAB/R2009a/bin/win32
PATH: /c/Modeltech_xe_starter/win32xoem
PATH: /c/FPC/2.4.0/bin/i386-Win32


## ----------- ##
## Core tests. ##
## ----------- ##

configure:2444: checking build system type
configure:2458: result: i686-pc-mingw32
configure:2478: checking host system type
configure:2491: result: i686-pc-mingw32
configure:2511: checking target system type
configure:2524: result: i686-pc-mingw32
configure:2553: checking GC version numbers
configure:2592: result: major=7 minor=2 alpha=6
configure:2612: checking for a BSD-compatible install
configure:2680: result: /bin/install -c
configure:2691: checking whether build environment is sane
configure:2741: result: yes
configure:2882: checking for a thread-safe mkdir -p
configure:2921: result: /bin/mkdir -p
configure:2934: checking for gawk
configure:2950: found /bin/gawk
configure:2961: result: gawk
configure:2972: checking whether make sets $(MAKE)
configure:2994: result: yes
configure:3077: checking whether to enable maintainer-specific portions of Makefiles
configure:3086: result: no
configure:3115: checking for style of include used by make
configure:3143: result: GNU
configure:3213: checking for gcc
configure:3229: found /mingw/bin/gcc
configure:3240: result: gcc
configure:3469: checking for C compiler version
configure:3478: gcc --version >&5
gcc.exe (GCC) 3.4.5 (mingw-vista special r3)
Copyright (C) 2004 Free Software Foundation, Inc.
This is free software; see the source for copying conditions.  There is NO
warranty; not even for MERCHANTABILITY or FITNESS FOR A PARTICULAR PURPOSE.

configure:3489: $? = 0
configure:3478: gcc -v >&5
Reading specs from C:/MinGW/bin/../lib/gcc/mingw32/3.4.5/specs
Configured with: ../gcc-3.4.5-20060117-3/configure --with-gcc --with-gnu-ld --with-gnu-as --host=mingw32 --target=mingw32 --prefix=/mingw --enable-threads --disable-nls --enable-languages=c,c++,f77,ada,objc,java --disable-win32-registry --disable-shared --enable-sjlj-exceptions --enable-libgcj --disable-java-awt --without-x --enable-java-gc=boehm --disable-libgcj-debug --enable-interpreter --enable-hash-synchronization --enable-libstdcxx-debug
Thread model: win32
gcc version 3.4.5 (mingw-vista special r3)
configure:3489: $? = 0
configure:3478: gcc -V >&5
gcc.exe: `-V' option must have argument
configure:3489: $? = 1
configure:3478: gcc -qversion >&5
gcc.exe: unrecognized option `-qversion'
gcc.exe: no input files
configure:3489: $? = 1
configure:3509: checking whether the C compiler works
configure:3531: gcc    conftest.c  >&5
configure:3535: $? = 0
configure:3583: result: yes
configure:3586: checking for C compiler default output file name
configure:3588: result: a.exe
configure:3594: checking for suffix of executables
configure:3601: gcc -o conftest.exe    conftest.c  >&5
configure:3605: $? = 0
configure:3627: result: .exe
configure:3649: checking whether we are cross compiling
configure:3657: gcc -o conftest.exe    conftest.c  >&5
configure:3661: $? = 0
configure:3668: ./conftest.exe
configure:3672: $? = 0
configure:3687: result: no
configure:3692: checking for suffix of object files
configure:3714: gcc -c   conftest.c >&5
configure:3718: $? = 0
configure:3739: result: o
configure:3743: checking whether we are using the GNU C compiler
configure:3762: gcc -c   conftest.c >&5
configure:3762: $? = 0
configure:3771: result: yes
configure:3780: checking whether gcc accepts -g
configure:3800: gcc -c -g  conftest.c >&5
configure:3800: $? = 0
configure:3841: result: yes
configure:3858: checking for gcc option to accept ISO C89
configure:3922: gcc  -c -g -O2  conftest.c >&5
configure:3922: $? = 0
configure:3935: result: none needed
configure:3957: checking dependency style of gcc
configure:4067: result: gcc3
configure:4083: checking whether gcc and cc understand -c and -o together
configure:4114: gcc -c conftest.c -o conftest2.o >&5
configure:4118: $? = 0
configure:4124: gcc -c conftest.c -o conftest2.o >&5
configure:4128: $? = 0
configure:4139: cc -c conftest.c >&5
./configure: line 4141: cc: command not found
configure:4143: $? = 127
configure:4183: result: yes
configure:4266: checking for g++
configure:4282: found /mingw/bin/g++
configure:4293: result: g++
configure:4320: checking for C++ compiler version
configure:4329: g++ --version >&5
g++.exe (GCC) 4.6.1
Copyright (C) 2011 Free Software Foundation, Inc.
This is free software; see the source for copying conditions.  There is NO
warranty; not even for MERCHANTABILITY or FITNESS FOR A PARTICULAR PURPOSE.

configure:4340: $? = 0
configure:4329: g++ -v >&5
Using built-in specs.
COLLECT_GCC=C:\MinGW\bin\g++.exe
COLLECT_LTO_WRAPPER=c:/mingw/bin/../libexec/gcc/mingw32/4.6.1/lto-wrapper.exe
Target: mingw32
Configured with: ../gcc-4.6.1/configure --enable-languages=c,c++,fortran,objc,obj-c++ --disable-sjlj-exceptions --with-dwarf2 --enable-shared --enable-libgomp --disable-win32-registry --enable-libstdcxx-debug --enable-version-specific-runtime-libs --build=mingw32 --prefix=/mingw
Thread model: win32
gcc version 4.6.1 (GCC) 
configure:4340: $? = 0
configure:4329: g++ -V >&5
g++.exe: error: unrecognized option '-V'
g++.exe: fatal error: no input files
compilation terminated.
configure:4340: $? = 1
configure:4329: g++ -qversion >&5
g++.exe: error: unrecognized option '-qversion'
g++.exe: fatal error: no input files
compilation terminated.
configure:4340: $? = 1
configure:4344: checking whether we are using the GNU C++ compiler
configure:4363: g++ -c   conftest.cpp >&5
configure:4363: $? = 0
configure:4372: result: yes
configure:4381: checking whether g++ accepts -g
configure:4401: g++ -c -g  conftest.cpp >&5
configure:4401: $? = 0
configure:4442: result: yes
configure:4467: checking dependency style of g++
configure:4577: result: gcc3
configure:4602: checking dependency style of gcc
configure:4710: result: gcc3
configure:4769: checking for ar
configure:4785: found /mingw/bin/ar
configure:4796: result: ar
configure:4861: checking for ranlib
configure:4877: found /mingw/bin/ranlib
configure:4888: result: ranlib
configure:4972: checking for inline
configure:4988: gcc -c -g -O2  conftest.c >&5
configure:4988: $? = 0
configure:4996: result: inline
configure:5337: checking for xlc
configure:5354: gcc -c -g -O2  conftest.c >&5
conftest.c:20:4: #error 
configure:5354: $? = 1
configure: failed program was:
| /* confdefs.h */
| #define PACKAGE_NAME "gc"
| #define PACKAGE_TARNAME "gc"
| #define PACKAGE_VERSION "7.2alpha6"
| #define PACKAGE_STRING "gc 7.2alpha6"
| #define PACKAGE_BUGREPORT "Hans.Boehm@hp.com"
| #define PACKAGE_URL ""
| #define GC_VERSION_MAJOR 7
| #define GC_VERSION_MINOR 2
| #define GC_ALPHA_VERSION 6
| #define PACKAGE "gc"
| #define VERSION "7.2alpha6"
| /* end confdefs.h.  */
| 
| int
| main ()
| {
| 
|  #ifndef __xlC__
|  # error
|  #endif
| 
|   ;
|   return 0;
| }
configure:5360: result: no
configure:5386: checking for dlopen in -ldl
configure:5411: gcc -o conftest.exe -g -O2   conftest.c -ldl   >&5
C:\MinGW\bin\..\lib\gcc\mingw32\3.4.5\..\..\..\..\mingw32\bin\ld.exe: cannot find -ldl
collect2: ld returned 1 exit status
configure:5411: $? = 1
configure: failed program was:
| /* confdefs.h */
| #define PACKAGE_NAME "gc"
| #define PACKAGE_TARNAME "gc"
| #define PACKAGE_VERSION "7.2alpha6"
| #define PACKAGE_STRING "gc 7.2alpha6"
| #define PACKAGE_BUGREPORT "Hans.Boehm@hp.com"
| #define PACKAGE_URL ""
| #define GC_VERSION_MAJOR 7
| #define GC_VERSION_MINOR 2
| #define GC_ALPHA_VERSION 6
| #define PACKAGE "gc"
| #define VERSION "7.2alpha6"
| /* end confdefs.h.  */
| 
| /* Override any GCC internal prototype to avoid an error.
|    Use char because int might match the return type of a GCC
|    builtin and then its argument prototype would still apply.  */
| #ifdef __cplusplus
| extern "C"
| #endif
| char dlopen ();
| int
| main ()
| {
| return dlopen ();
|   ;
|   return 0;
| }
configure:5420: result: no
configure:5498: checking whether to build shared libraries
configure:5540: result: yes
configure:5545: checking which machine-dependent code should be used
configure:5604: result: 
configure:5658: checking how to print strings
configure:5685: result: printf
configure:5706: checking for a sed that does not truncate output
configure:5770: result: /bin/sed
configure:5788: checking for grep that handles long lines and -e
configure:5846: result: /bin/grep
configure:5851: checking for egrep
configure:5913: result: /bin/grep -E
configure:5918: checking for fgrep
configure:5980: result: /bin/grep -F
configure:6015: checking for ld used by gcc
configure:6082: result: C:/MinGW/mingw32/bin/ld.exe
configure:6089: checking if the linker (C:/MinGW/mingw32/bin/ld.exe) is GNU ld
configure:6104: result: yes
configure:6116: checking for BSD- or MS-compatible name lister (nm)
configure:6165: result: /mingw/bin/nm
configure:6295: checking the name lister (/mingw/bin/nm) interface
configure:6302: gcc -c -g -O2  conftest.c >&5
configure:6305: /mingw/bin/nm "conftest.o"
configure:6308: output
00000000 b .bss
00000000 d .data
00000000 N .stab
00000000 N .stabstr
00000000 t .text
00000000 B _some_variable
configure:6315: result: BSD nm
configure:6318: checking whether ln -s works
configure:6325: result: no, using cp -p
configure:6330: checking the maximum length of command line arguments
configure:6455: result: 8192
configure:6472: checking whether the shell understands some XSI constructs
configure:6482: result: yes
configure:6486: checking whether the shell understands "+="
configure:6492: result: yes
configure:6527: checking how to convert i686-pc-mingw32 file names to i686-pc-mingw32 format
configure:6567: result: func_convert_file_msys_to_w32
configure:6574: checking how to convert i686-pc-mingw32 file names to toolchain format
configure:6594: result: func_convert_file_msys_to_w32
configure:6601: checking for C:/MinGW/mingw32/bin/ld.exe option to reload object files
configure:6608: result: -r
configure:6682: checking for objdump
configure:6698: found /mingw/bin/objdump
configure:6709: result: objdump
configure:6741: checking how to recognize dependent libraries
configure:6943: result: file_magic ^x86 archive import|^x86 DLL
configure:7028: checking for dlltool
configure:7044: found /mingw/bin/dlltool
configure:7055: result: dlltool
configure:7088: checking how to associate runtime and link libraries
configure:7115: result: func_cygming_dll_for_implib
configure:7239: checking for archiver @FILE support
configure:7256: gcc -c -g -O2  conftest.c >&5
configure:7256: $? = 0
configure:7259: ar cru libconftest.a @conftest.lst >&5
configure:7262: $? = 0
configure:7267: ar cru libconftest.a @conftest.lst >&5
C:\MinGW\bin\ar.exe: conftest.o: No such file or directory
configure:7270: $? = 1
configure:7282: result: @
configure:7340: checking for strip
configure:7356: found /mingw/bin/strip
configure:7367: result: strip
configure:7439: checking for ranlib
configure:7466: result: ranlib
configure:7568: checking command to parse /mingw/bin/nm output from gcc object
configure:7687: gcc -c -g -O2  conftest.c >&5
configure:7690: $? = 0
configure:7694: /mingw/bin/nm conftest.o \| sed -n -e 's/^.*[ ]\([ABCDGIRSTW][ABCDGIRSTW]*\)[ ][ ]*\([_A-Za-z][_A-Za-z0-9]*\)\{0,1\}$/\1 \2 \2/p' | sed '/ __gnu_lto/d' \> conftest.nm
configure:7697: $? = 0
cannot find nm_test_var in conftest.nm
configure:7687: gcc -c -g -O2  conftest.c >&5
configure:7690: $? = 0
configure:7694: /mingw/bin/nm conftest.o \| sed -n -e 's/^.*[ ]\([ABCDGIRSTW][ABCDGIRSTW]*\)[ ][ ]*_\([_A-Za-z][_A-Za-z0-9]*\)\{0,1\}$/\1 _\2 \2/p' | sed '/ __gnu_lto/d' \> conftest.nm
configure:7697: $? = 0
configure:7763: gcc -o conftest.exe -g -O2   conftest.c conftstm.o >&5
configure:7766: $? = 0
configure:7804: result: ok
configure:7841: checking for sysroot
configure:7871: result: no
configure:8114: checking for mt
configure:8144: result: no
configure:8164: checking if : is a manifest tool
configure:8170: : '-?'
configure:8178: result: no
configure:8810: checking how to run the C preprocessor
configure:8841: gcc -E  conftest.c
configure:8841: $? = 0
configure:8855: gcc -E  conftest.c
conftest.c:14:28: ac_nonexistent.h: No such file or directory
configure:8855: $? = 1
configure: failed program was:
| /* confdefs.h */
| #define PACKAGE_NAME "gc"
| #define PACKAGE_TARNAME "gc"
| #define PACKAGE_VERSION "7.2alpha6"
| #define PACKAGE_STRING "gc 7.2alpha6"
| #define PACKAGE_BUGREPORT "Hans.Boehm@hp.com"
| #define PACKAGE_URL ""
| #define GC_VERSION_MAJOR 7
| #define GC_VERSION_MINOR 2
| #define GC_ALPHA_VERSION 6
| #define PACKAGE "gc"
| #define VERSION "7.2alpha6"
| /* end confdefs.h.  */
| #include <ac_nonexistent.h>
configure:8880: result: gcc -E
configure:8900: gcc -E  conftest.c
configure:8900: $? = 0
configure:8914: gcc -E  conftest.c
conftest.c:14:28: ac_nonexistent.h: No such file or directory
configure:8914: $? = 1
configure: failed program was:
| /* confdefs.h */
| #define PACKAGE_NAME "gc"
| #define PACKAGE_TARNAME "gc"
| #define PACKAGE_VERSION "7.2alpha6"
| #define PACKAGE_STRING "gc 7.2alpha6"
| #define PACKAGE_BUGREPORT "Hans.Boehm@hp.com"
| #define PACKAGE_URL ""
| #define GC_VERSION_MAJOR 7
| #define GC_VERSION_MINOR 2
| #define GC_ALPHA_VERSION 6
| #define PACKAGE "gc"
| #define VERSION "7.2alpha6"
| /* end confdefs.h.  */
| #include <ac_nonexistent.h>
configure:8943: checking for ANSI C header files
configure:8963: gcc -c -g -O2  conftest.c >&5
configure:8963: $? = 0
configure:9036: gcc -o conftest.exe -g -O2   conftest.c  >&5
configure:9036: $? = 0
configure:9036: ./conftest.exe
configure:9036: $? = 0
configure:9047: result: yes
configure:9060: checking for sys/types.h
configure:9060: gcc -c -g -O2  conftest.c >&5
configure:9060: $? = 0
configure:9060: result: yes
configure:9060: checking for sys/stat.h
configure:9060: gcc -c -g -O2  conftest.c >&5
configure:9060: $? = 0
configure:9060: result: yes
configure:9060: checking for stdlib.h
configure:9060: gcc -c -g -O2  conftest.c >&5
configure:9060: $? = 0
configure:9060: result: yes
configure:9060: checking for string.h
configure:9060: gcc -c -g -O2  conftest.c >&5
configure:9060: $? = 0
configure:9060: result: yes
configure:9060: checking for memory.h
configure:9060: gcc -c -g -O2  conftest.c >&5
configure:9060: $? = 0
configure:9060: result: yes
configure:9060: checking for strings.h
configure:9060: gcc -c -g -O2  conftest.c >&5
configure:9060: $? = 0
configure:9060: result: yes
configure:9060: checking for inttypes.h
configure:9060: gcc -c -g -O2  conftest.c >&5
configure:9060: $? = 0
configure:9060: result: yes
configure:9060: checking for stdint.h
configure:9060: gcc -c -g -O2  conftest.c >&5
configure:9060: $? = 0
configure:9060: result: yes
configure:9060: checking for unistd.h
configure:9060: gcc -c -g -O2  conftest.c >&5
configure:9060: $? = 0
configure:9060: result: yes
configure:9074: checking for dlfcn.h
configure:9074: gcc -c -g -O2  conftest.c >&5
conftest.c:58:19: dlfcn.h: No such file or directory
configure:9074: $? = 1
configure: failed program was:
| /* confdefs.h */
| #define PACKAGE_NAME "gc"
| #define PACKAGE_TARNAME "gc"
| #define PACKAGE_VERSION "7.2alpha6"
| #define PACKAGE_STRING "gc 7.2alpha6"
| #define PACKAGE_BUGREPORT "Hans.Boehm@hp.com"
| #define PACKAGE_URL ""
| #define GC_VERSION_MAJOR 7
| #define GC_VERSION_MINOR 2
| #define GC_ALPHA_VERSION 6
| #define PACKAGE "gc"
| #define VERSION "7.2alpha6"
| #define STDC_HEADERS 1
| #define HAVE_SYS_TYPES_H 1
| #define HAVE_SYS_STAT_H 1
| #define HAVE_STDLIB_H 1
| #define HAVE_STRING_H 1
| #define HAVE_MEMORY_H 1
| #define HAVE_STRINGS_H 1
| #define HAVE_INTTYPES_H 1
| #define HAVE_STDINT_H 1
| #define HAVE_UNISTD_H 1
| /* end confdefs.h.  */
| #include <stdio.h>
| #ifdef HAVE_SYS_TYPES_H
| # include <sys/types.h>
| #endif
| #ifdef HAVE_SYS_STAT_H
| # include <sys/stat.h>
| #endif
| #ifdef STDC_HEADERS
| # include <stdlib.h>
| # include <stddef.h>
| #else
| # ifdef HAVE_STDLIB_H
| #  include <stdlib.h>
| # endif
| #endif
| #ifdef HAVE_STRING_H
| # if !defined STDC_HEADERS && defined HAVE_MEMORY_H
| #  include <memory.h>
| # endif
| # include <string.h>
| #endif
| #ifdef HAVE_STRINGS_H
| # include <strings.h>
| #endif
| #ifdef HAVE_INTTYPES_H
| # include <inttypes.h>
| #endif
| #ifdef HAVE_STDINT_H
| # include <stdint.h>
| #endif
| #ifdef HAVE_UNISTD_H
| # include <unistd.h>
| #endif
| 
| #include <dlfcn.h>
configure:9074: result: no
configure:9242: checking for objdir
configure:9257: result: .libs
configure:9528: checking if gcc supports -fno-rtti -fno-exceptions
configure:9546: gcc -c -g -O2  -fno-rtti -fno-exceptions conftest.c >&5
cc1.exe: warning: command line option "-fno-rtti" is valid for C++/ObjC++ but not for C
configure:9550: $? = 0
configure:9563: result: no
configure:9873: checking for gcc option to produce PIC
configure:9880: result: -DDLL_EXPORT -DPIC
configure:9888: checking if gcc PIC flag -DDLL_EXPORT -DPIC works
configure:9906: gcc -c -g -O2  -DDLL_EXPORT -DPIC -DPIC conftest.c >&5
configure:9910: $? = 0
configure:9923: result: yes
configure:9952: checking if gcc static flag -static works
configure:9980: result: yes
configure:9995: checking if gcc supports -c -o file.o
configure:10016: gcc -c -g -O2  -o out/conftest2.o conftest.c >&5
configure:10020: $? = 0
configure:10042: result: yes
configure:10050: checking if gcc supports -c -o file.o
configure:10097: result: yes
configure:10130: checking whether the gcc linker (C:/MinGW/mingw32/bin/ld.exe) supports shared libraries
configure:11288: result: yes
configure:11325: checking whether -lc should be explicitly linked in
configure:11333: gcc -c -g -O2  conftest.c >&5
configure:11336: $? = 0
configure:11351: gcc -shared conftest.o  -v -o ./conftest -Wl,--enable-auto-image-base -Xlinker --out-implib -Xlinker conftest 2\>\&1 \| /bin/grep  -lc  \>/dev/null 2\>\&1
configure:11354: $? = 1
configure:11368: result: yes
configure:11533: checking dynamic linker characteristics
configure:12269: result: Win32 ld.exe
configure:12376: checking how to hardcode library paths into programs
configure:12401: result: immediate
configure:12941: checking whether stripping libraries is possible
configure:12946: result: yes
configure:12981: checking if libtool supports shared libraries
configure:12983: result: yes
configure:12986: checking whether to build shared libraries
configure:13007: result: yes
configure:13010: checking whether to build static libraries
configure:13014: result: yes
configure:13037: checking how to run the C++ preprocessor
configure:13064: g++ -E  conftest.cpp
configure:13064: $? = 0
configure:13078: g++ -E  conftest.cpp
conftest.cpp:25:28: fatal error: ac_nonexistent.h: No such file or directory
compilation terminated.
configure:13078: $? = 1
configure: failed program was:
| /* confdefs.h */
| #define PACKAGE_NAME "gc"
| #define PACKAGE_TARNAME "gc"
| #define PACKAGE_VERSION "7.2alpha6"
| #define PACKAGE_STRING "gc 7.2alpha6"
| #define PACKAGE_BUGREPORT "Hans.Boehm@hp.com"
| #define PACKAGE_URL ""
| #define GC_VERSION_MAJOR 7
| #define GC_VERSION_MINOR 2
| #define GC_ALPHA_VERSION 6
| #define PACKAGE "gc"
| #define VERSION "7.2alpha6"
| #define STDC_HEADERS 1
| #define HAVE_SYS_TYPES_H 1
| #define HAVE_SYS_STAT_H 1
| #define HAVE_STDLIB_H 1
| #define HAVE_STRING_H 1
| #define HAVE_MEMORY_H 1
| #define HAVE_STRINGS_H 1
| #define HAVE_INTTYPES_H 1
| #define HAVE_STDINT_H 1
| #define HAVE_UNISTD_H 1
| #define LT_OBJDIR ".libs/"
| /* end confdefs.h.  */
| #include <ac_nonexistent.h>
configure:13103: result: g++ -E
configure:13123: g++ -E  conftest.cpp
configure:13123: $? = 0
configure:13137: g++ -E  conftest.cpp
conftest.cpp:25:28: fatal error: ac_nonexistent.h: No such file or directory
compilation terminated.
configure:13137: $? = 1
configure: failed program was:
| /* confdefs.h */
| #define PACKAGE_NAME "gc"
| #define PACKAGE_TARNAME "gc"
| #define PACKAGE_VERSION "7.2alpha6"
| #define PACKAGE_STRING "gc 7.2alpha6"
| #define PACKAGE_BUGREPORT "Hans.Boehm@hp.com"
| #define PACKAGE_URL ""
| #define GC_VERSION_MAJOR 7
| #define GC_VERSION_MINOR 2
| #define GC_ALPHA_VERSION 6
| #define PACKAGE "gc"
| #define VERSION "7.2alpha6"
| #define STDC_HEADERS 1
| #define HAVE_SYS_TYPES_H 1
| #define HAVE_SYS_STAT_H 1
| #define HAVE_STDLIB_H 1
| #define HAVE_STRING_H 1
| #define HAVE_MEMORY_H 1
| #define HAVE_STRINGS_H 1
| #define HAVE_INTTYPES_H 1
| #define HAVE_STDINT_H 1
| #define HAVE_UNISTD_H 1
| #define LT_OBJDIR ".libs/"
| /* end confdefs.h.  */
| #include <ac_nonexistent.h>
configure:13307: checking for ld used by g++
configure:13374: result: C:/MinGW/mingw32/bin/ld.exe
configure:13381: checking if the linker (C:/MinGW/mingw32/bin/ld.exe) is GNU ld
configure:13396: result: yes
configure:13451: checking whether the g++ linker (C:/MinGW/mingw32/bin/ld.exe) supports shared libraries
configure:14455: result: yes
configure:14490: g++ -c -g -O2  conftest.cpp >&5
configure:14493: $? = 0
configure:15013: checking for g++ option to produce PIC
configure:15020: result: -DDLL_EXPORT -DPIC
configure:15028: checking if g++ PIC flag -DDLL_EXPORT -DPIC works
configure:15046: g++ -c -g -O2  -DDLL_EXPORT -DPIC -DPIC conftest.cpp >&5
configure:15050: $? = 0
configure:15063: result: yes
configure:15086: checking if g++ static flag -static works
configure:15114: result: yes
configure:15126: checking if g++ supports -c -o file.o
configure:15147: g++ -c -g -O2  -o out/conftest2.o conftest.cpp >&5
configure:15151: $? = 0
configure:15173: result: yes
configure:15178: checking if g++ supports -c -o file.o
configure:15225: result: yes
configure:15255: checking whether the g++ linker (C:/MinGW/mingw32/bin/ld.exe) supports shared libraries
configure:15289: result: yes
configure:15432: checking dynamic linker characteristics
configure:16102: result: Win32 ld.exe
configure:16155: checking how to hardcode library paths into programs
configure:16180: result: immediate
configure:16245: checking sys/dg_sys_info.h usability
configure:16245: gcc -c -g -O2  conftest.c >&5
conftest.c:58:29: sys/dg_sys_info.h: No such file or directory
configure:16245: $? = 1
configure: failed program was:
| /* confdefs.h */
| #define PACKAGE_NAME "gc"
| #define PACKAGE_TARNAME "gc"
| #define PACKAGE_VERSION "7.2alpha6"
| #define PACKAGE_STRING "gc 7.2alpha6"
| #define PACKAGE_BUGREPORT "Hans.Boehm@hp.com"
| #define PACKAGE_URL ""
| #define GC_VERSION_MAJOR 7
| #define GC_VERSION_MINOR 2
| #define GC_ALPHA_VERSION 6
| #define PACKAGE "gc"
| #define VERSION "7.2alpha6"
| #define STDC_HEADERS 1
| #define HAVE_SYS_TYPES_H 1
| #define HAVE_SYS_STAT_H 1
| #define HAVE_STDLIB_H 1
| #define HAVE_STRING_H 1
| #define HAVE_MEMORY_H 1
| #define HAVE_STRINGS_H 1
| #define HAVE_INTTYPES_H 1
| #define HAVE_STDINT_H 1
| #define HAVE_UNISTD_H 1
| #define LT_OBJDIR ".libs/"
| /* end confdefs.h.  */
| #include <stdio.h>
| #ifdef HAVE_SYS_TYPES_H
| # include <sys/types.h>
| #endif
| #ifdef HAVE_SYS_STAT_H
| # include <sys/stat.h>
| #endif
| #ifdef STDC_HEADERS
| # include <stdlib.h>
| # include <stddef.h>
| #else
| # ifdef HAVE_STDLIB_H
| #  include <stdlib.h>
| # endif
| #endif
| #ifdef HAVE_STRING_H
| # if !defined STDC_HEADERS && defined HAVE_MEMORY_H
| #  include <memory.h>
| # endif
| # include <string.h>
| #endif
| #ifdef HAVE_STRINGS_H
| # include <strings.h>
| #endif
| #ifdef HAVE_INTTYPES_H
| # include <inttypes.h>
| #endif
| #ifdef HAVE_STDINT_H
| # include <stdint.h>
| #endif
| #ifdef HAVE_UNISTD_H
| # include <unistd.h>
| #endif
| #include <sys/dg_sys_info.h>
configure:16245: result: no
configure:16245: checking sys/dg_sys_info.h presence
configure:16245: gcc -E  conftest.c
conftest.c:25:29: sys/dg_sys_info.h: No such file or directory
configure:16245: $? = 1
configure: failed program was:
| /* confdefs.h */
| #define PACKAGE_NAME "gc"
| #define PACKAGE_TARNAME "gc"
| #define PACKAGE_VERSION "7.2alpha6"
| #define PACKAGE_STRING "gc 7.2alpha6"
| #define PACKAGE_BUGREPORT "Hans.Boehm@hp.com"
| #define PACKAGE_URL ""
| #define GC_VERSION_MAJOR 7
| #define GC_VERSION_MINOR 2
| #define GC_ALPHA_VERSION 6
| #define PACKAGE "gc"
| #define VERSION "7.2alpha6"
| #define STDC_HEADERS 1
| #define HAVE_SYS_TYPES_H 1
| #define HAVE_SYS_STAT_H 1
| #define HAVE_STDLIB_H 1
| #define HAVE_STRING_H 1
| #define HAVE_MEMORY_H 1
| #define HAVE_STRINGS_H 1
| #define HAVE_INTTYPES_H 1
| #define HAVE_STDINT_H 1
| #define HAVE_UNISTD_H 1
| #define LT_OBJDIR ".libs/"
| /* end confdefs.h.  */
| #include <sys/dg_sys_info.h>
configure:16245: result: no
configure:16245: checking for sys/dg_sys_info.h
configure:16245: result: no
configure:16289: checking whether Solaris gcc optimization fix is necessary
configure:16312: result: no
configure:16579: checking atomic_ops.h usability
configure:16579: gcc -c -g -O2  conftest.c >&5
conftest.c:63:24: atomic_ops.h: No such file or directory
configure:16579: $? = 1
configure: failed program was:
| /* confdefs.h */
| #define PACKAGE_NAME "gc"
| #define PACKAGE_TARNAME "gc"
| #define PACKAGE_VERSION "7.2alpha6"
| #define PACKAGE_STRING "gc 7.2alpha6"
| #define PACKAGE_BUGREPORT "Hans.Boehm@hp.com"
| #define PACKAGE_URL ""
| #define GC_VERSION_MAJOR 7
| #define GC_VERSION_MINOR 2
| #define GC_ALPHA_VERSION 6
| #define PACKAGE "gc"
| #define VERSION "7.2alpha6"
| #define STDC_HEADERS 1
| #define HAVE_SYS_TYPES_H 1
| #define HAVE_SYS_STAT_H 1
| #define HAVE_STDLIB_H 1
| #define HAVE_STRING_H 1
| #define HAVE_MEMORY_H 1
| #define HAVE_STRINGS_H 1
| #define HAVE_INTTYPES_H 1
| #define HAVE_STDINT_H 1
| #define HAVE_UNISTD_H 1
| #define LT_OBJDIR ".libs/"
| #define NO_EXECUTE_PERMISSION 1
| #define ALL_INTERIOR_POINTERS 1
| #define GC_GCJ_SUPPORT 1
| #define JAVA_FINALIZATION 1
| #define ATOMIC_UNCOLLECTABLE 1
| /* end confdefs.h.  */
| #include <stdio.h>
| #ifdef HAVE_SYS_TYPES_H
| # include <sys/types.h>
| #endif
| #ifdef HAVE_SYS_STAT_H
| # include <sys/stat.h>
| #endif
| #ifdef STDC_HEADERS
| # include <stdlib.h>
| # include <stddef.h>
| #else
| # ifdef HAVE_STDLIB_H
| #  include <stdlib.h>
| # endif
| #endif
| #ifdef HAVE_STRING_H
| # if !defined STDC_HEADERS && defined HAVE_MEMORY_H
| #  include <memory.h>
| # endif
| # include <string.h>
| #endif
| #ifdef HAVE_STRINGS_H
| # include <strings.h>
| #endif
| #ifdef HAVE_INTTYPES_H
| # include <inttypes.h>
| #endif
| #ifdef HAVE_STDINT_H
| # include <stdint.h>
| #endif
| #ifdef HAVE_UNISTD_H
| # include <unistd.h>
| #endif
| #include <atomic_ops.h>
configure:16579: result: no
configure:16579: checking atomic_ops.h presence
configure:16579: gcc -E  conftest.c
conftest.c:30:24: atomic_ops.h: No such file or directory
configure:16579: $? = 1
configure: failed program was:
| /* confdefs.h */
| #define PACKAGE_NAME "gc"
| #define PACKAGE_TARNAME "gc"
| #define PACKAGE_VERSION "7.2alpha6"
| #define PACKAGE_STRING "gc 7.2alpha6"
| #define PACKAGE_BUGREPORT "Hans.Boehm@hp.com"
| #define PACKAGE_URL ""
| #define GC_VERSION_MAJOR 7
| #define GC_VERSION_MINOR 2
| #define GC_ALPHA_VERSION 6
| #define PACKAGE "gc"
| #define VERSION "7.2alpha6"
| #define STDC_HEADERS 1
| #define HAVE_SYS_TYPES_H 1
| #define HAVE_SYS_STAT_H 1
| #define HAVE_STDLIB_H 1
| #define HAVE_STRING_H 1
| #define HAVE_MEMORY_H 1
| #define HAVE_STRINGS_H 1
| #define HAVE_INTTYPES_H 1
| #define HAVE_STDINT_H 1
| #define HAVE_UNISTD_H 1
| #define LT_OBJDIR ".libs/"
| #define NO_EXECUTE_PERMISSION 1
| #define ALL_INTERIOR_POINTERS 1
| #define GC_GCJ_SUPPORT 1
| #define JAVA_FINALIZATION 1
| #define ATOMIC_UNCOLLECTABLE 1
| /* end confdefs.h.  */
| #include <atomic_ops.h>
configure:16579: result: no
configure:16579: checking for atomic_ops.h
configure:16579: result: no
configure:16593: checking which libatomic_ops to use
configure:16603: result: bundled
configure:16827: creating ./config.status

## ---------------------- ##
## Running config.status. ##
## ---------------------- ##

This file was extended by gc config.status 7.2alpha6, which was
generated by GNU Autoconf 2.68.  Invocation command line was

  CONFIG_FILES    = 
  CONFIG_HEADERS  = 
  CONFIG_LINKS    = 
  CONFIG_COMMANDS = 
  $ ./config.status 

on kavi

config.status:1235: creating Makefile
config.status:1235: creating bdw-gc.pc
config.status:1235: creating include/private/config.h
config.status:1416: include/private/config.h is unchanged
config.status:1464: executing depfiles commands
config.status:1464: executing libtool commands
config.status:1464: executing default commands
configure:19410: === configuring in libatomic_ops (/g/devel-2/cdfg2hdl/thirdparty/src/gc-7.2alpha6/libatomic_ops)
configure:19473: running /bin/sh ./configure --disable-option-checking '--prefix=/g/devel-2/cdfg2hdl/thirdparty/gc-mingw'  '--enable-threads=none' '--disable-pthreads' --cache-file=/dev/null --srcdir=.

## ---------------- ##
## Cache variables. ##
## ---------------- ##

ac_cv_build=i686-pc-mingw32
ac_cv_c_compiler_gnu=yes
ac_cv_c_inline=inline
ac_cv_cxx_compiler_gnu=yes
ac_cv_env_CCASFLAGS_set=
ac_cv_env_CCASFLAGS_value=
ac_cv_env_CCAS_set=
ac_cv_env_CCAS_value=
ac_cv_env_CCC_set=
ac_cv_env_CCC_value=
ac_cv_env_CC_set=
ac_cv_env_CC_value=
ac_cv_env_CFLAGS_set=
ac_cv_env_CFLAGS_value=
ac_cv_env_CPPFLAGS_set=
ac_cv_env_CPPFLAGS_value=
ac_cv_env_CPP_set=
ac_cv_env_CPP_value=
ac_cv_env_CXXCPP_set=
ac_cv_env_CXXCPP_value=
ac_cv_env_CXXFLAGS_set=
ac_cv_env_CXXFLAGS_value=
ac_cv_env_CXX_set=
ac_cv_env_CXX_value=
ac_cv_env_LDFLAGS_set=
ac_cv_env_LDFLAGS_value=
ac_cv_env_LIBS_set=
ac_cv_env_LIBS_value=
ac_cv_env_build_alias_set=
ac_cv_env_build_alias_value=
ac_cv_env_host_alias_set=
ac_cv_env_host_alias_value=
ac_cv_env_target_alias_set=
ac_cv_env_target_alias_value=
ac_cv_exeext=.exe
ac_cv_header_atomic_ops_h=no
ac_cv_header_dlfcn_h=no
ac_cv_header_inttypes_h=yes
ac_cv_header_memory_h=yes
ac_cv_header_stdc=yes
ac_cv_header_stdint_h=yes
ac_cv_header_stdlib_h=yes
ac_cv_header_string_h=yes
ac_cv_header_strings_h=yes
ac_cv_header_sys_dg_sys_info_h=no
ac_cv_header_sys_stat_h=yes
ac_cv_header_sys_types_h=yes
ac_cv_header_unistd_h=yes
ac_cv_host=i686-pc-mingw32
ac_cv_lib_dl_dlopen=no
ac_cv_objext=o
ac_cv_path_EGREP='/bin/grep -E'
ac_cv_path_FGREP='/bin/grep -F'
ac_cv_path_GREP=/bin/grep
ac_cv_path_SED=/bin/sed
ac_cv_path_install='/bin/install -c'
ac_cv_path_mkdir=/bin/mkdir
ac_cv_prog_AWK=gawk
ac_cv_prog_CPP='gcc -E'
ac_cv_prog_CXXCPP='g++ -E'
ac_cv_prog_ac_ct_AR=ar
ac_cv_prog_ac_ct_CC=gcc
ac_cv_prog_ac_ct_CXX=g++
ac_cv_prog_ac_ct_DLLTOOL=dlltool
ac_cv_prog_ac_ct_OBJDUMP=objdump
ac_cv_prog_ac_ct_RANLIB=ranlib
ac_cv_prog_ac_ct_STRIP=strip
ac_cv_prog_cc_c89=
ac_cv_prog_cc_g=yes
ac_cv_prog_cc_gcc_c_o=yes
ac_cv_prog_cxx_g=yes
ac_cv_prog_make_make_set=yes
ac_cv_target=i686-pc-mingw32
am_cv_CCAS_dependencies_compiler_type=gcc3
am_cv_CC_dependencies_compiler_type=gcc3
am_cv_CXX_dependencies_compiler_type=gcc3
lt_cv_ar_at_file=@
lt_cv_archive_cmds_need_lc=yes
lt_cv_deplibs_check_method='file_magic ^x86 archive import|^x86 DLL'
lt_cv_file_magic_cmd=func_win32_libid
lt_cv_file_magic_test_file=
lt_cv_ld_reload_flag=-r
lt_cv_nm_interface='BSD nm'
lt_cv_objdir=.libs
lt_cv_path_LD=C:/MinGW/mingw32/bin/ld.exe
lt_cv_path_LDCXX=C:/MinGW/mingw32/bin/ld.exe
lt_cv_path_NM=/mingw/bin/nm
lt_cv_path_mainfest_tool=no
lt_cv_prog_compiler_c_o=yes
lt_cv_prog_compiler_c_o_CXX=yes
lt_cv_prog_compiler_pic='-DDLL_EXPORT -DPIC'
lt_cv_prog_compiler_pic_CXX='-DDLL_EXPORT -DPIC'
lt_cv_prog_compiler_pic_works=yes
lt_cv_prog_compiler_pic_works_CXX=yes
lt_cv_prog_compiler_rtti_exceptions=no
lt_cv_prog_compiler_static_works=yes
lt_cv_prog_compiler_static_works_CXX=yes
lt_cv_prog_gnu_ld=yes
lt_cv_prog_gnu_ldcxx=yes
lt_cv_sharedlib_from_linklib_cmd=func_cygming_dll_for_implib
lt_cv_sys_global_symbol_pipe='sed -n -e '\''s/^.*[	 ]\([ABCDGIRSTW][ABCDGIRSTW]*\)[	 ][	 ]*_\([_A-Za-z][_A-Za-z0-9]*\)\{0,1\}$/\1 _\2 \2/p'\'' | sed '\''/ __gnu_lto/d'\'''
lt_cv_sys_global_symbol_to_c_name_address='sed -n -e '\''s/^: \([^ ]*\)[ ]*$/  {\"\1\", (void *) 0},/p'\'' -e '\''s/^[ABCDGIRSTW]* \([^ ]*\) \([^ ]*\)$/  {"\2", (void *) \&\2},/p'\'''
lt_cv_sys_global_symbol_to_c_name_address_lib_prefix='sed -n -e '\''s/^: \([^ ]*\)[ ]*$/  {\"\1\", (void *) 0},/p'\'' -e '\''s/^[ABCDGIRSTW]* \([^ ]*\) \(lib[^ ]*\)$/  {"\2", (void *) \&\2},/p'\'' -e '\''s/^[ABCDGIRSTW]* \([^ ]*\) \([^ ]*\)$/  {"lib\2", (void *) \&\2},/p'\'''
lt_cv_sys_global_symbol_to_cdecl='sed -n -e '\''s/^T .* \(.*\)$/extern int \1();/p'\'' -e '\''s/^[ABCDGIRSTW]* .* \(.*\)$/extern char \1;/p'\'''
lt_cv_sys_max_cmd_len=8192
lt_cv_to_host_file_cmd=func_convert_file_msys_to_w32
lt_cv_to_tool_file_cmd=func_convert_file_msys_to_w32

## ----------------- ##
## Output variables. ##
## ----------------- ##

ACLOCAL='${SHELL} /g/devel-2/cdfg2hdl/thirdparty/src/gc-7.2alpha6/missing --run aclocal-1.11'
AMDEPBACKSLASH='\'
AMDEP_FALSE='#'
AMDEP_TRUE=''
AMTAR='${SHELL} /g/devel-2/cdfg2hdl/thirdparty/src/gc-7.2alpha6/missing --run tar'
AR='ar'
ATOMIC_OPS_LIBS=''
AUTOCONF='${SHELL} /g/devel-2/cdfg2hdl/thirdparty/src/gc-7.2alpha6/missing --run autoconf'
AUTOHEADER='${SHELL} /g/devel-2/cdfg2hdl/thirdparty/src/gc-7.2alpha6/missing --run autoheader'
AUTOMAKE='${SHELL} /g/devel-2/cdfg2hdl/thirdparty/src/gc-7.2alpha6/missing --run automake-1.11'
AVOID_CPP_LIB_FALSE=''
AVOID_CPP_LIB_TRUE='#'
AWK='gawk'
CC='gcc'
CCAS='gcc'
CCASDEPMODE='depmode=gcc3'
CCASFLAGS='-g -O2'
CCDEPMODE='depmode=gcc3'
CFLAGS='-g -O2'
COMPILER_XLC_FALSE=''
COMPILER_XLC_TRUE='#'
CPLUSPLUS_FALSE=''
CPLUSPLUS_TRUE='#'
CPP='gcc -E'
CPPFLAGS=''
CXX='g++'
CXXCPP='g++ -E'
CXXDEPMODE='depmode=gcc3'
CXXFLAGS='-g -O2'
CXXINCLUDES=''
CYGPATH_W='echo'
DARWIN_THREADS_FALSE=''
DARWIN_THREADS_TRUE='#'
DEFS='-DHAVE_CONFIG_H'
DEPDIR='.deps'
DLLTOOL='dlltool'
DSYMUTIL=''
DUMPBIN=''
ECHO_C=''
ECHO_N='-n'
ECHO_T=''
EGREP='/bin/grep -E'
ENABLE_GCJ_SUPPORT_FALSE='#'
ENABLE_GCJ_SUPPORT_TRUE=''
EXEEXT='.exe'
EXTRA_TEST_LIBS=''
FGREP='/bin/grep -F'
GC_CFLAGS=' -fexceptions'
GC_VERSION=''
GREP='/bin/grep'
INCLUDES=''
INSTALL_DATA='${INSTALL} -m 644'
INSTALL_PROGRAM='${INSTALL}'
INSTALL_SCRIPT='${INSTALL}'
INSTALL_STRIP_PROGRAM='$(install_sh) -c -s'
KEEP_BACK_PTRS_FALSE=''
KEEP_BACK_PTRS_TRUE='#'
LD='C:/MinGW/mingw32/bin/ld.exe'
LDFLAGS=''
LIBOBJS=''
LIBS=''
LIBTOOL='$(SHELL) $(top_builddir)/libtool'
LIPO=''
LN_S='cp -p'
LTLIBOBJS=''
MAINT='#'
MAINTAINER_MODE_FALSE=''
MAINTAINER_MODE_TRUE='#'
MAKEINFO='${SHELL} /g/devel-2/cdfg2hdl/thirdparty/src/gc-7.2alpha6/missing --run makeinfo'
MANIFEST_TOOL=':'
MKDIR_P='/bin/mkdir -p'
NEED_ATOMIC_OPS_ASM_FALSE=''
NEED_ATOMIC_OPS_ASM_TRUE='#'
NM='/mingw/bin/nm'
NMEDIT=''
OBJDUMP='objdump'
OBJEXT='o'
OPENBSD_THREADS_FALSE=''
OPENBSD_THREADS_TRUE='#'
OTOOL64=''
OTOOL=''
PACKAGE='gc'
PACKAGE_BUGREPORT='Hans.Boehm@hp.com'
PACKAGE_NAME='gc'
PACKAGE_STRING='gc 7.2alpha6'
PACKAGE_TARNAME='gc'
PACKAGE_URL=''
PACKAGE_VERSION='7.2alpha6'
PATH_SEPARATOR=':'
PTHREADS_FALSE=''
PTHREADS_TRUE='#'
RANLIB='ranlib'
SED='/bin/sed'
SET_MAKE=''
SHELL='/bin/sh'
STRIP='strip'
THREADDLLIBS=''
THREADS_FALSE=''
THREADS_TRUE='#'
UNWINDLIBS=''
USE_INTERNAL_LIBATOMIC_OPS_FALSE=''
USE_INTERNAL_LIBATOMIC_OPS_TRUE='#'
USE_LIBDIR_FALSE='#'
USE_LIBDIR_TRUE=''
VERSION='7.2alpha6'
WIN32_THREADS_FALSE=''
WIN32_THREADS_TRUE='#'
ac_ct_AR='ar'
ac_ct_CC='gcc'
ac_ct_CXX='g++'
ac_ct_DUMPBIN=''
addlibs=''
addobjs=' mach_dep.lo'
am__EXEEXT_FALSE='#'
am__EXEEXT_TRUE=''
am__fastdepCCAS_FALSE='#'
am__fastdepCCAS_TRUE=''
am__fastdepCC_FALSE='#'
am__fastdepCC_TRUE=''
am__fastdepCXX_FALSE='#'
am__fastdepCXX_TRUE=''
am__include='include'
am__isrc=''
am__leading_dot='.'
am__quote=''
am__tar='${AMTAR} chof - "$$tardir"'
am__untar='${AMTAR} xf -'
bindir='${exec_prefix}/bin'
build='i686-pc-mingw32'
build_alias=''
build_cpu='i686'
build_os='mingw32'
build_vendor='pc'
datadir='${datarootdir}'
datarootdir='${prefix}/share'
docdir='${datarootdir}/doc/${PACKAGE_TARNAME}'
dvidir='${docdir}'
exec_prefix='${prefix}'
extra_ldflags_libgc=''
host='i686-pc-mingw32'
host_alias=''
host_cpu='i686'
host_os='mingw32'
host_vendor='pc'
htmldir='${docdir}'
includedir='${prefix}/include'
infodir='${datarootdir}/info'
install_sh='${SHELL} /g/devel-2/cdfg2hdl/thirdparty/src/gc-7.2alpha6/install-sh'
libdir='${exec_prefix}/lib'
libexecdir='${exec_prefix}/libexec'
localedir='${datarootdir}/locale'
localstatedir='${prefix}/var'
mandir='${datarootdir}/man'
mkdir_p='/bin/mkdir -p'
oldincludedir='/usr/include'
pdfdir='${docdir}'
prefix='/g/devel-2/cdfg2hdl/thirdparty/gc-mingw'
program_transform_name='s,x,x,'
psdir='${docdir}'
sbindir='${exec_prefix}/sbin'
sharedstatedir='${prefix}/com'
subdirs=' libatomic_ops'
sysconfdir='${prefix}/etc'
target='i686-pc-mingw32'
target_alias=''
target_all='libgc.la'
target_cpu='i686'
target_os='mingw32'
target_vendor='pc'

## ----------- ##
## confdefs.h. ##
## ----------- ##

/* confdefs.h */
#define PACKAGE_NAME "gc"
#define PACKAGE_TARNAME "gc"
#define PACKAGE_VERSION "7.2alpha6"
#define PACKAGE_STRING "gc 7.2alpha6"
#define PACKAGE_BUGREPORT "Hans.Boehm@hp.com"
#define PACKAGE_URL ""
#define GC_VERSION_MAJOR 7
#define GC_VERSION_MINOR 2
#define GC_ALPHA_VERSION 6
#define PACKAGE "gc"
#define VERSION "7.2alpha6"
#define STDC_HEADERS 1
#define HAVE_SYS_TYPES_H 1
#define HAVE_SYS_STAT_H 1
#define HAVE_STDLIB_H 1
#define HAVE_STRING_H 1
#define HAVE_MEMORY_H 1
#define HAVE_STRINGS_H 1
#define HAVE_INTTYPES_H 1
#define HAVE_STDINT_H 1
#define HAVE_UNISTD_H 1
#define LT_OBJDIR ".libs/"
#define NO_EXECUTE_PERMISSION 1
#define ALL_INTERIOR_POINTERS 1
#define GC_GCJ_SUPPORT 1
#define JAVA_FINALIZATION 1
#define ATOMIC_UNCOLLECTABLE 1

configure: exit 0
