This file contains any messages produced by compilers while
running configure, to aid debugging if configure makes a mistake.

It was created by libatomic_ops configure 7.2alpha6, which was
generated by GNU Autoconf 2.68.  Invocation command line was

  $ ./configure --disable-option-checking --prefix=/g/devel-2/cdfg2hdl/thirdparty/gc-mingw --enable-threads=none --disable-pthreads --cache-file=/dev/null --srcdir=.

## --------- ##
## Platform. ##
## --------- ##

hostname = kavi
uname -m = i686
uname -r = 1.0.17(0.48/3/2)
uname -s = MINGW32_NT-5.1
uname -v = 2011-04-24 23:39

/usr/bin/uname -p = unknown
/bin/uname -X     = unknown

/bin/arch              = unknown
/usr/bin/arch -k       = unknown
/usr/convex/getsysinfo = unknown
/usr/bin/hostinfo      = unknown
/bin/machine           = unknown
/usr/bin/oslevel       = unknown
/bin/universe          = unknown

PATH: .
PATH: /usr/local/bin
PATH: /mingw/bin
PATH: /bin
PATH: /c/Perl/site/bin
PATH: /c/Perl/bin
PATH: /c/MiKTeX2.8/miktex/bin
PATH: /c/WINDOWS/system32
PATH: /c/WINDOWS
PATH: /c/WINDOWS/System32/Wbem
PATH: /c/GAUT_2_4_3/GautC/cdfgcompiler/bin
PATH: /c/Xilinx92i/bin/nt
PATH: /c/cygwin/usr/local/bin/llvm-gcc4.2-2.7/bin
PATH: /mingw/bin
PATH: /c/GAUT_2_4_3/GautC/cdfgcompiler/bin
PATH: /c/CompSci/Ghdl/Bin
PATH: /c/Program Files/SciTools/bin/pc-win32
PATH: /c/compsci/iverilog/bin
PATH: /c/CompSci/Graphviz2.28/bin
PATH: /e/MATLAB/R2009a/bin
PATH: /e/MATLAB/R2009a/bin/win32
PATH: /c/Modeltech_xe_starter/win32xoem
PATH: /c/FPC/2.4.0/bin/i386-Win32


## ----------- ##
## Core tests. ##
## ----------- ##

configure:2089: checking build system type
configure:2103: result: i686-pc-mingw32
configure:2123: checking host system type
configure:2136: result: i686-pc-mingw32
configure:2156: checking target system type
configure:2169: result: i686-pc-mingw32
configure:2212: checking for a BSD-compatible install
configure:2280: result: /bin/install -c
configure:2291: checking whether build environment is sane
configure:2341: result: yes
configure:2482: checking for a thread-safe mkdir -p
configure:2521: result: /bin/mkdir -p
configure:2534: checking for gawk
configure:2550: found /bin/gawk
configure:2561: result: gawk
configure:2572: checking whether make sets $(MAKE)
configure:2594: result: yes
configure:2717: checking for ranlib
configure:2733: found /mingw/bin/ranlib
configure:2744: result: ranlib
configure:2783: checking for style of include used by make
configure:2811: result: GNU
configure:2881: checking for gcc
configure:2897: found /mingw/bin/gcc
configure:2908: result: gcc
configure:3137: checking for C compiler version
configure:3146: gcc --version >&5
gcc.exe (GCC) 3.4.5 (mingw-vista special r3)
Copyright (C) 2004 Free Software Foundation, Inc.
This is free software; see the source for copying conditions.  There is NO
warranty; not even for MERCHANTABILITY or FITNESS FOR A PARTICULAR PURPOSE.

configure:3157: $? = 0
configure:3146: gcc -v >&5
Reading specs from C:/MinGW/bin/../lib/gcc/mingw32/3.4.5/specs
Configured with: ../gcc-3.4.5-20060117-3/configure --with-gcc --with-gnu-ld --with-gnu-as --host=mingw32 --target=mingw32 --prefix=/mingw --enable-threads --disable-nls --enable-languages=c,c++,f77,ada,objc,java --disable-win32-registry --disable-shared --enable-sjlj-exceptions --enable-libgcj --disable-java-awt --without-x --enable-java-gc=boehm --disable-libgcj-debug --enable-interpreter --enable-hash-synchronization --enable-libstdcxx-debug
Thread model: win32
gcc version 3.4.5 (mingw-vista special r3)
configure:3157: $? = 0
configure:3146: gcc -V >&5
gcc.exe: `-V' option must have argument
configure:3157: $? = 1
configure:3146: gcc -qversion >&5
gcc.exe: unrecognized option `-qversion'
gcc.exe: no input files
configure:3157: $? = 1
configure:3177: checking whether the C compiler works
configure:3199: gcc    conftest.c  >&5
configure:3203: $? = 0
configure:3251: result: yes
configure:3254: checking for C compiler default output file name
configure:3256: result: a.exe
configure:3262: checking for suffix of executables
configure:3269: gcc -o conftest.exe    conftest.c  >&5
configure:3273: $? = 0
configure:3295: result: .exe
configure:3317: checking whether we are cross compiling
configure:3325: gcc -o conftest.exe    conftest.c  >&5
configure:3329: $? = 0
configure:3336: ./conftest.exe
configure:3340: $? = 0
configure:3355: result: no
configure:3360: checking for suffix of object files
configure:3382: gcc -c   conftest.c >&5
configure:3386: $? = 0
configure:3407: result: o
configure:3411: checking whether we are using the GNU C compiler
configure:3430: gcc -c   conftest.c >&5
configure:3430: $? = 0
configure:3439: result: yes
configure:3448: checking whether gcc accepts -g
configure:3468: gcc -c -g  conftest.c >&5
configure:3468: $? = 0
configure:3509: result: yes
configure:3526: checking for gcc option to accept ISO C89
configure:3590: gcc  -c -g -O2  conftest.c >&5
configure:3590: $? = 0
configure:3603: result: none needed
configure:3625: checking dependency style of gcc
configure:3735: result: gcc3
configure:3751: checking whether gcc and cc understand -c and -o together
configure:3782: gcc -c conftest.c -o conftest2.o >&5
configure:3786: $? = 0
configure:3792: gcc -c conftest.c -o conftest2.o >&5
configure:3796: $? = 0
configure:3807: cc -c conftest.c >&5
./configure: line 3809: cc: command not found
configure:3811: $? = 127
configure:3851: result: yes
configure:3885: checking dependency style of gcc
configure:3993: result: gcc3
configure:4016: checking how to run the C preprocessor
configure:4047: gcc -E  conftest.c
configure:4047: $? = 0
configure:4061: gcc -E  conftest.c
conftest.c:11:28: ac_nonexistent.h: No such file or directory
configure:4061: $? = 1
configure: failed program was:
| /* confdefs.h */
| #define PACKAGE_NAME "libatomic_ops"
| #define PACKAGE_TARNAME "libatomic_ops"
| #define PACKAGE_VERSION "7.2alpha6"
| #define PACKAGE_STRING "libatomic_ops 7.2alpha6"
| #define PACKAGE_BUGREPORT ""
| #define PACKAGE_URL ""
| #define PACKAGE "libatomic_ops"
| #define VERSION "7.2alpha6"
| /* end confdefs.h.  */
| #include <ac_nonexistent.h>
configure:4086: result: gcc -E
configure:4106: gcc -E  conftest.c
configure:4106: $? = 0
configure:4120: gcc -E  conftest.c
conftest.c:11:28: ac_nonexistent.h: No such file or directory
configure:4120: $? = 1
configure: failed program was:
| /* confdefs.h */
| #define PACKAGE_NAME "libatomic_ops"
| #define PACKAGE_TARNAME "libatomic_ops"
| #define PACKAGE_VERSION "7.2alpha6"
| #define PACKAGE_STRING "libatomic_ops 7.2alpha6"
| #define PACKAGE_BUGREPORT ""
| #define PACKAGE_URL ""
| #define PACKAGE "libatomic_ops"
| #define VERSION "7.2alpha6"
| /* end confdefs.h.  */
| #include <ac_nonexistent.h>
configure:4149: checking for grep that handles long lines and -e
configure:4207: result: /bin/grep
configure:4212: checking for egrep
configure:4274: result: /bin/grep -E
configure:4279: checking for ANSI C header files
configure:4299: gcc -c -g -O2  conftest.c >&5
configure:4299: $? = 0
configure:4372: gcc -o conftest.exe -g -O2   conftest.c  >&5
configure:4372: $? = 0
configure:4372: ./conftest.exe
configure:4372: $? = 0
configure:4383: result: yes
configure:4396: checking for sys/types.h
configure:4396: gcc -c -g -O2  conftest.c >&5
configure:4396: $? = 0
configure:4396: result: yes
configure:4396: checking for sys/stat.h
configure:4396: gcc -c -g -O2  conftest.c >&5
configure:4396: $? = 0
configure:4396: result: yes
configure:4396: checking for stdlib.h
configure:4396: gcc -c -g -O2  conftest.c >&5
configure:4396: $? = 0
configure:4396: result: yes
configure:4396: checking for string.h
configure:4396: gcc -c -g -O2  conftest.c >&5
configure:4396: $? = 0
configure:4396: result: yes
configure:4396: checking for memory.h
configure:4396: gcc -c -g -O2  conftest.c >&5
configure:4396: $? = 0
configure:4396: result: yes
configure:4396: checking for strings.h
configure:4396: gcc -c -g -O2  conftest.c >&5
configure:4396: $? = 0
configure:4396: result: yes
configure:4396: checking for inttypes.h
configure:4396: gcc -c -g -O2  conftest.c >&5
configure:4396: $? = 0
configure:4396: result: yes
configure:4396: checking for stdint.h
configure:4396: gcc -c -g -O2  conftest.c >&5
configure:4396: $? = 0
configure:4396: result: yes
configure:4396: checking for unistd.h
configure:4396: gcc -c -g -O2  conftest.c >&5
configure:4396: $? = 0
configure:4396: result: yes
configure:4414: checking for stdlib.h
configure:4414: result: yes
configure:4414: checking for unistd.h
configure:4414: result: yes
configure:4414: checking for sys/param.h
configure:4414: gcc -c -g -O2  conftest.c >&5
configure:4414: $? = 0
configure:4414: result: yes
configure:4434: checking for getpagesize
configure:4434: gcc -o conftest.exe -g -O2   conftest.c  >&5
configure:4434: $? = 0
configure:4434: result: yes
configure:4443: checking for working mmap
configure:4590: gcc -o conftest.exe -g -O2   conftest.c  >&5
conftest.c:84:22: sys/mman.h: No such file or directory
conftest.c: In function `main':
conftest.c:154: error: `PROT_READ' undeclared (first use in this function)
conftest.c:154: error: (Each undeclared identifier is reported only once
conftest.c:154: error: for each function it appears in.)
conftest.c:154: error: `PROT_WRITE' undeclared (first use in this function)
conftest.c:154: error: `MAP_SHARED' undeclared (first use in this function)
conftest.c:155: error: `MAP_FAILED' undeclared (first use in this function)
conftest.c:171: error: `MAP_PRIVATE' undeclared (first use in this function)
conftest.c:171: error: `MAP_FIXED' undeclared (first use in this function)
conftest.c:171: warning: comparison between pointer and integer
configure:4590: $? = 1
configure: program exited with status 1
configure: failed program was:
| /* confdefs.h */
| #define PACKAGE_NAME "libatomic_ops"
| #define PACKAGE_TARNAME "libatomic_ops"
| #define PACKAGE_VERSION "7.2alpha6"
| #define PACKAGE_STRING "libatomic_ops 7.2alpha6"
| #define PACKAGE_BUGREPORT ""
| #define PACKAGE_URL ""
| #define PACKAGE "libatomic_ops"
| #define VERSION "7.2alpha6"
| #define STDC_HEADERS 1
| #define HAVE_SYS_TYPES_H 1
| #define HAVE_SYS_STAT_H 1
| #define HAVE_STDLIB_H 1
| #define HAVE_STRING_H 1
| #define HAVE_MEMORY_H 1
| #define HAVE_STRINGS_H 1
| #define HAVE_INTTYPES_H 1
| #define HAVE_STDINT_H 1
| #define HAVE_UNISTD_H 1
| #define HAVE_STDLIB_H 1
| #define HAVE_UNISTD_H 1
| #define HAVE_SYS_PARAM_H 1
| #define HAVE_GETPAGESIZE 1
| /* end confdefs.h.  */
| #include <stdio.h>
| #ifdef HAVE_SYS_TYPES_H
| # include <sys/types.h>
| #endif
| #ifdef HAVE_SYS_STAT_H
| # include <sys/stat.h>
| #endif
| #ifdef STDC_HEADERS
| # include <stdlib.h>
| # include <stddef.h>
| #else
| # ifdef HAVE_STDLIB_H
| #  include <stdlib.h>
| # endif
| #endif
| #ifdef HAVE_STRING_H
| # if !defined STDC_HEADERS && defined HAVE_MEMORY_H
| #  include <memory.h>
| # endif
| # include <string.h>
| #endif
| #ifdef HAVE_STRINGS_H
| # include <strings.h>
| #endif
| #ifdef HAVE_INTTYPES_H
| # include <inttypes.h>
| #endif
| #ifdef HAVE_STDINT_H
| # include <stdint.h>
| #endif
| #ifdef HAVE_UNISTD_H
| # include <unistd.h>
| #endif
| /* malloc might have been renamed as rpl_malloc. */
| #undef malloc
| 
| /* Thanks to Mike Haertel and Jim Avera for this test.
|    Here is a matrix of mmap possibilities:
| 	mmap private not fixed
| 	mmap private fixed at somewhere currently unmapped
| 	mmap private fixed at somewhere already mapped
| 	mmap shared not fixed
| 	mmap shared fixed at somewhere currently unmapped
| 	mmap shared fixed at somewhere already mapped
|    For private mappings, we should verify that changes cannot be read()
|    back from the file, nor mmap's back from the file at a different
|    address.  (There have been systems where private was not correctly
|    implemented like the infamous i386 svr4.0, and systems where the
|    VM page cache was not coherent with the file system buffer cache
|    like early versions of FreeBSD and possibly contemporary NetBSD.)
|    For shared mappings, we should conversely verify that changes get
|    propagated back to all the places they're supposed to be.
| 
|    Grep wants private fixed already mapped.
|    The main things grep needs to know about mmap are:
|    * does it exist and is it safe to write into the mmap'd area
|    * how to use it (BSD variants)  */
| 
| #include <fcntl.h>
| #include <sys/mman.h>
| 
| #if !defined STDC_HEADERS && !defined HAVE_STDLIB_H
| char *malloc ();
| #endif
| 
| /* This mess was copied from the GNU getpagesize.h.  */
| #ifndef HAVE_GETPAGESIZE
| # ifdef _SC_PAGESIZE
| #  define getpagesize() sysconf(_SC_PAGESIZE)
| # else /* no _SC_PAGESIZE */
| #  ifdef HAVE_SYS_PARAM_H
| #   include <sys/param.h>
| #   ifdef EXEC_PAGESIZE
| #    define getpagesize() EXEC_PAGESIZE
| #   else /* no EXEC_PAGESIZE */
| #    ifdef NBPG
| #     define getpagesize() NBPG * CLSIZE
| #     ifndef CLSIZE
| #      define CLSIZE 1
| #     endif /* no CLSIZE */
| #    else /* no NBPG */
| #     ifdef NBPC
| #      define getpagesize() NBPC
| #     else /* no NBPC */
| #      ifdef PAGESIZE
| #       define getpagesize() PAGESIZE
| #      endif /* PAGESIZE */
| #     endif /* no NBPC */
| #    endif /* no NBPG */
| #   endif /* no EXEC_PAGESIZE */
| #  else /* no HAVE_SYS_PARAM_H */
| #   define getpagesize() 8192	/* punt totally */
| #  endif /* no HAVE_SYS_PARAM_H */
| # endif /* no _SC_PAGESIZE */
| 
| #endif /* no HAVE_GETPAGESIZE */
| 
| int
| main ()
| {
|   char *data, *data2, *data3;
|   const char *cdata2;
|   int i, pagesize;
|   int fd, fd2;
| 
|   pagesize = getpagesize ();
| 
|   /* First, make a file with some known garbage in it. */
|   data = (char *) malloc (pagesize);
|   if (!data)
|     return 1;
|   for (i = 0; i < pagesize; ++i)
|     *(data + i) = rand ();
|   umask (0);
|   fd = creat ("conftest.mmap", 0600);
|   if (fd < 0)
|     return 2;
|   if (write (fd, data, pagesize) != pagesize)
|     return 3;
|   close (fd);
| 
|   /* Next, check that the tail of a page is zero-filled.  File must have
|      non-zero length, otherwise we risk SIGBUS for entire page.  */
|   fd2 = open ("conftest.txt", O_RDWR | O_CREAT | O_TRUNC, 0600);
|   if (fd2 < 0)
|     return 4;
|   cdata2 = "";
|   if (write (fd2, cdata2, 1) != 1)
|     return 5;
|   data2 = (char *) mmap (0, pagesize, PROT_READ | PROT_WRITE, MAP_SHARED, fd2, 0L);
|   if (data2 == MAP_FAILED)
|     return 6;
|   for (i = 0; i < pagesize; ++i)
|     if (*(data2 + i))
|       return 7;
|   close (fd2);
|   if (munmap (data2, pagesize))
|     return 8;
| 
|   /* Next, try to mmap the file at a fixed address which already has
|      something else allocated at it.  If we can, also make sure that
|      we see the same garbage.  */
|   fd = open ("conftest.mmap", O_RDWR);
|   if (fd < 0)
|     return 9;
|   if (data2 != mmap (data2, pagesize, PROT_READ | PROT_WRITE,
| 		     MAP_PRIVATE | MAP_FIXED, fd, 0L))
|     return 10;
|   for (i = 0; i < pagesize; ++i)
|     if (*(data + i) != *(data2 + i))
|       return 11;
| 
|   /* Finally, make sure that changes to the mapped area do not
|      percolate back to the file as seen by read().  (This is a bug on
|      some variants of i386 svr4.0.)  */
|   for (i = 0; i < pagesize; ++i)
|     *(data2 + i) = *(data2 + i) + 1;
|   data3 = (char *) malloc (pagesize);
|   if (!data3)
|     return 12;
|   if (read (fd, data3, pagesize) != pagesize)
|     return 13;
|   for (i = 0; i < pagesize; ++i)
|     if (*(data + i) != *(data3 + i))
|       return 14;
|   close (fd);
|   return 0;
| }
configure:4600: result: no
configure:4611: checking for ANSI C header files
configure:4715: result: yes
configure:4728: checking Determining PIC compiler flag
configure:4731: result: -fPIC
configure:4775: checking for pthread_self in -lpthread
configure:4800: gcc -o conftest.exe -g -O2 -DNDEBUG   conftest.c -lpthread   >&5
configure:4800: $? = 0
configure:4809: result: yes
configure:4983: creating ./config.status

## ---------------------- ##
## Running config.status. ##
## ---------------------- ##

This file was extended by libatomic_ops config.status 7.2alpha6, which was
generated by GNU Autoconf 2.68.  Invocation command line was

  CONFIG_FILES    = 
  CONFIG_HEADERS  = 
  CONFIG_LINKS    = 
  CONFIG_COMMANDS = 
  $ ./config.status 

on kavi

config.status:898: creating Makefile
config.status:898: creating src/Makefile
config.status:898: creating src/atomic_ops/Makefile
config.status:898: creating src/atomic_ops/sysdeps/Makefile
config.status:898: creating doc/Makefile
config.status:898: creating tests/Makefile
config.status:898: creating src/config.h
config.status:1127: executing depfiles commands
config.status:1127: executing default commands

## ---------------- ##
## Cache variables. ##
## ---------------- ##

ac_cv_build=i686-pc-mingw32
ac_cv_c_compiler_gnu=yes
ac_cv_env_CCASFLAGS_set=
ac_cv_env_CCASFLAGS_value=
ac_cv_env_CCAS_set=
ac_cv_env_CCAS_value=
ac_cv_env_CC_set=
ac_cv_env_CC_value=
ac_cv_env_CFLAGS_set=
ac_cv_env_CFLAGS_value=
ac_cv_env_CPPFLAGS_set=
ac_cv_env_CPPFLAGS_value=
ac_cv_env_CPP_set=
ac_cv_env_CPP_value=
ac_cv_env_LDFLAGS_set=
ac_cv_env_LDFLAGS_value=
ac_cv_env_LIBS_set=
ac_cv_env_LIBS_value=
ac_cv_env_build_alias_set=
ac_cv_env_build_alias_value=
ac_cv_env_host_alias_set=
ac_cv_env_host_alias_value=
ac_cv_env_target_alias_set=
ac_cv_env_target_alias_value=
ac_cv_exeext=.exe
ac_cv_func_getpagesize=yes
ac_cv_func_mmap_fixed_mapped=no
ac_cv_header_inttypes_h=yes
ac_cv_header_memory_h=yes
ac_cv_header_stdc=yes
ac_cv_header_stdint_h=yes
ac_cv_header_stdlib_h=yes
ac_cv_header_string_h=yes
ac_cv_header_strings_h=yes
ac_cv_header_sys_param_h=yes
ac_cv_header_sys_stat_h=yes
ac_cv_header_sys_types_h=yes
ac_cv_header_unistd_h=yes
ac_cv_host=i686-pc-mingw32
ac_cv_lib_pthread_pthread_self=yes
ac_cv_objext=o
ac_cv_path_EGREP='/bin/grep -E'
ac_cv_path_GREP=/bin/grep
ac_cv_path_install='/bin/install -c'
ac_cv_path_mkdir=/bin/mkdir
ac_cv_prog_AWK=gawk
ac_cv_prog_CPP='gcc -E'
ac_cv_prog_ac_ct_CC=gcc
ac_cv_prog_ac_ct_RANLIB=ranlib
ac_cv_prog_cc_c89=
ac_cv_prog_cc_g=yes
ac_cv_prog_cc_gcc_c_o=yes
ac_cv_prog_make_make_set=yes
ac_cv_target=i686-pc-mingw32
am_cv_CCAS_dependencies_compiler_type=gcc3
am_cv_CC_dependencies_compiler_type=gcc3

## ----------------- ##
## Output variables. ##
## ----------------- ##

ACLOCAL='${SHELL} /g/devel-2/cdfg2hdl/thirdparty/src/gc-7.2alpha6/libatomic_ops/missing --run aclocal-1.11'
AMDEPBACKSLASH='\'
AMDEP_FALSE='#'
AMDEP_TRUE=''
AMTAR='${SHELL} /g/devel-2/cdfg2hdl/thirdparty/src/gc-7.2alpha6/libatomic_ops/missing --run tar'
AUTOCONF='${SHELL} /g/devel-2/cdfg2hdl/thirdparty/src/gc-7.2alpha6/libatomic_ops/missing --run autoconf'
AUTOHEADER='${SHELL} /g/devel-2/cdfg2hdl/thirdparty/src/gc-7.2alpha6/libatomic_ops/missing --run autoheader'
AUTOMAKE='${SHELL} /g/devel-2/cdfg2hdl/thirdparty/src/gc-7.2alpha6/libatomic_ops/missing --run automake-1.11'
AWK='gawk'
CC='gcc'
CCAS='gcc'
CCASDEPMODE='depmode=gcc3'
CCASFLAGS='-g -O2'
CCDEPMODE='depmode=gcc3'
CFLAGS='-g -O2 -DNDEBUG'
CPP='gcc -E'
CPPFLAGS=''
CYGPATH_W='echo'
DEFS='-DHAVE_CONFIG_H'
DEPDIR='.deps'
ECHO_C=''
ECHO_N='-n'
ECHO_T=''
EGREP='/bin/grep -E'
EXEEXT='.exe'
GREP='/bin/grep'
INSTALL_DATA='${INSTALL} -m 644'
INSTALL_PROGRAM='${INSTALL}'
INSTALL_SCRIPT='${INSTALL}'
INSTALL_STRIP_PROGRAM='$(install_sh) -c -s'
LDFLAGS=''
LIBOBJS=''
LIBS=''
LTLIBOBJS=''
MAKEINFO='${SHELL} /g/devel-2/cdfg2hdl/thirdparty/src/gc-7.2alpha6/libatomic_ops/missing --run makeinfo'
MKDIR_P='/bin/mkdir -p'
NEED_ASM_FALSE=''
NEED_ASM_TRUE='#'
OBJEXT='o'
PACKAGE='libatomic_ops'
PACKAGE_BUGREPORT=''
PACKAGE_NAME='libatomic_ops'
PACKAGE_STRING='libatomic_ops 7.2alpha6'
PACKAGE_TARNAME='libatomic_ops'
PACKAGE_URL=''
PACKAGE_VERSION='7.2alpha6'
PATH_SEPARATOR=':'
PICFLAG='-fPIC'
RANLIB='ranlib'
SET_MAKE=''
SHELL='/bin/sh'
STRIP=''
THREADDLLIBS='-lpthread'
VERSION='7.2alpha6'
ac_ct_CC='gcc'
am__EXEEXT_FALSE='#'
am__EXEEXT_TRUE=''
am__fastdepCCAS_FALSE='#'
am__fastdepCCAS_TRUE=''
am__fastdepCC_FALSE='#'
am__fastdepCC_TRUE=''
am__include='include'
am__isrc=''
am__leading_dot='.'
am__quote=''
am__tar='${AMTAR} chof - "$$tardir"'
am__untar='${AMTAR} xf -'
bindir='${exec_prefix}/bin'
build='i686-pc-mingw32'
build_alias=''
build_cpu='i686'
build_os='mingw32'
build_vendor='pc'
datadir='${datarootdir}'
datarootdir='${prefix}/share'
docdir='${datarootdir}/doc/${PACKAGE_TARNAME}'
dvidir='${docdir}'
exec_prefix='${prefix}'
host='i686-pc-mingw32'
host_alias=''
host_cpu='i686'
host_os='mingw32'
host_vendor='pc'
htmldir='${docdir}'
includedir='${prefix}/include'
infodir='${datarootdir}/info'
install_sh='${SHELL} /g/devel-2/cdfg2hdl/thirdparty/src/gc-7.2alpha6/libatomic_ops/install-sh'
libdir='${exec_prefix}/lib'
libexecdir='${exec_prefix}/libexec'
localedir='${datarootdir}/locale'
localstatedir='${prefix}/var'
mandir='${datarootdir}/man'
mkdir_p='/bin/mkdir -p'
oldincludedir='/usr/include'
pdfdir='${docdir}'
prefix='/g/devel-2/cdfg2hdl/thirdparty/gc-mingw'
program_transform_name='s,x,x,'
psdir='${docdir}'
sbindir='${exec_prefix}/sbin'
sharedstatedir='${prefix}/com'
sysconfdir='${prefix}/etc'
target='i686-pc-mingw32'
target_alias=''
target_cpu='i686'
target_os='mingw32'
target_vendor='pc'

## ----------- ##
## confdefs.h. ##
## ----------- ##

/* confdefs.h */
#define PACKAGE_NAME "libatomic_ops"
#define PACKAGE_TARNAME "libatomic_ops"
#define PACKAGE_VERSION "7.2alpha6"
#define PACKAGE_STRING "libatomic_ops 7.2alpha6"
#define PACKAGE_BUGREPORT ""
#define PACKAGE_URL ""
#define PACKAGE "libatomic_ops"
#define VERSION "7.2alpha6"
#define STDC_HEADERS 1
#define HAVE_SYS_TYPES_H 1
#define HAVE_SYS_STAT_H 1
#define HAVE_STDLIB_H 1
#define HAVE_STRING_H 1
#define HAVE_MEMORY_H 1
#define HAVE_STRINGS_H 1
#define HAVE_INTTYPES_H 1
#define HAVE_STDINT_H 1
#define HAVE_UNISTD_H 1
#define HAVE_STDLIB_H 1
#define HAVE_UNISTD_H 1
#define HAVE_SYS_PARAM_H 1
#define HAVE_GETPAGESIZE 1
#define STDC_HEADERS 1
#define _REENTRANT 1

configure: exit 0
